<?xml version="1.0" encoding="UTF-8"?>
<!-- Generated by org.testng.reporters.JUnitReportReporter -->
<testsuite skipped="0" hostname="Priya-PC" name="com.bank.qa.test.HomeTest" tests="1" failures="0" timestamp="09 Apr 2020 06:17:23 GMT" time="38.514" errors="0">
  <testcase name="HomePageaccess" time="38.514" classname="com.bank.qa.test.HomeTest"/>
</testsuite> <!-- com.bank.qa.test.HomeTest -->
