<?xml version="1.0" encoding="UTF-8"?>
<!-- Generated by org.testng.reporters.JUnitReportReporter -->
<testsuite skipped="0" hostname="Priya-PC" name="com.bank.qa.test.LoginTest" tests="1" failures="0" timestamp="09 Apr 2020 10:45:24 GMT" time="29.822" errors="0">
  <testcase name="LoginBank" time="29.822" classname="com.bank.qa.test.LoginTest"/>
</testsuite> <!-- com.bank.qa.test.LoginTest -->
